Using pre-set license
Built from '2021.1/staging' branch; Version is '2021.1.6f1 (c0fade0cc7e9) revision 12647134'; Using compiler version '192528614'; Build Type 'Release'
OS: 'Windows 10 Pro; OS build 19043.1165; Version 2009; 64bit' Language: 'en' Physical Memory: 32693 MB
BatchMode: 1, IsHumanControllingUs: 0, StartBugReporterOnCrash: 0, Is64bit: 1, IsPro: 0

 COMMAND LINE ARGUMENTS:
C:\Unity Stuff\2021.1.6f1\Editor\Unity.exe
-adb2
-batchMode
-noUpm
-name
AssetImportWorker0
-projectPath
F:/HKU/sweeper repo/rtx-sweeper/sweeper project
-logFile
Logs/AssetImportWorker0.log
-srvPort
63867
Successfully changed project path to: F:/HKU/sweeper repo/rtx-sweeper/sweeper project
F:/HKU/sweeper repo/rtx-sweeper/sweeper project
Using Asset Import Pipeline V2.
Refreshing native plugins compatible for Editor in 118.58 ms, found 1 plugins.
Preloading 0 native plugins for Editor in 0.00 ms.
Initialize engine version: 2021.1.6f1 (c0fade0cc7e9)
[Subsystems] Discovering subsystems at path C:/Unity Stuff/2021.1.6f1/Editor/Data/Resources/UnitySubsystems
[Subsystems] Discovering subsystems at path F:/HKU/sweeper repo/rtx-sweeper/sweeper project/Assets
GfxDevice: creating device client; threaded=0; jobified=0
Direct3D:
    Version:  Direct3D 11.0 [level 11.1]
    Renderer: NVIDIA GeForce GTX 980 Ti (ID=0x17c8)
    Vendor:   NVIDIA
    VRAM:     6097 MB
    Driver:   27.21.14.6627
Initialize mono
Mono path[0] = 'C:/Unity Stuff/2021.1.6f1/Editor/Data/Managed'
Mono path[1] = 'C:/Unity Stuff/2021.1.6f1/Editor/Data/MonoBleedingEdge/lib/mono/unityjit'
Mono config path = 'C:/Unity Stuff/2021.1.6f1/Editor/Data/MonoBleedingEdge/etc'
Using monoOptions --debugger-agent=transport=dt_socket,embedding=1,server=y,suspend=n,address=127.0.0.1:56180
Begin MonoManager ReloadAssembly
Registering precompiled unity dll's ...
Register platform support module: C:/Unity Stuff/2021.1.6f1/Editor/Data/PlaybackEngines/WindowsStandaloneSupport/UnityEditor.WindowsStandalone.Extensions.dll
Registered in 0.001847 seconds.
Native extension for WindowsStandalone target not found
Refreshing native plugins compatible for Editor in 111.13 ms, found 1 plugins.
Preloading 0 native plugins for Editor in 0.00 ms.
Mono: successfully reloaded assembly
- Completed reload, in  1.021 seconds
Platform modules already initialized, skipping
Registering precompiled user dll's ...
Registered in 0.002180 seconds.
Begin MonoManager ReloadAssembly
Native extension for WindowsStandalone target not found
Refreshing native plugins compatible for Editor in 120.37 ms, found 1 plugins.
Preloading 0 native plugins for Editor in 0.00 ms.
Mono: successfully reloaded assembly
- Completed reload, in  1.249 seconds
Platform modules already initialized, skipping
========================================================================
Worker process is ready to serve import requests
Launched and connected shader compiler UnityShaderCompiler.exe after 0.04 seconds
Refreshing native plugins compatible for Editor in 0.98 ms, found 1 plugins.
Preloading 0 native plugins for Editor in 0.00 ms.
Unloading 5349 Unused Serialized files (Serialized files now loaded: 0)
System memory in use before: 221.0 MB.
System memory in use after: 218.2 MB.

Unloading 50 unused Assets to reduce memory usage. Loaded Objects now: 5774.
Total: 5.617800 ms (FindLiveObjects: 0.581200 ms CreateObjectMapping: 0.635200 ms MarkObjects: 2.874500 ms  DeleteObjects: 1.525300 ms)

========================================================================
Received Import Request.
  path: Assets/Scripts/BombTile.cs
  artifactKey: Guid(59c39a2b84e7880449a3eca05e14f3c0) Importer(815301076,1909f56bfc062723c751e8b465ee728b)
Start importing Assets/Scripts/BombTile.cs using Guid(59c39a2b84e7880449a3eca05e14f3c0) Importer(815301076,1909f56bfc062723c751e8b465ee728b)  -> (artifact id: '4c41bd14747a6c94b11b3d2964434006') in 0.028249 seconds 
========================================================================
Received Prepare
Registering precompiled user dll's ...
Registered in 0.002611 seconds.
Begin MonoManager ReloadAssembly
Native extension for WindowsStandalone target not found
Refreshing native plugins compatible for Editor in 0.97 ms, found 1 plugins.
Preloading 0 native plugins for Editor in 0.00 ms.
Mono: successfully reloaded assembly
- Completed reload, in  0.978 seconds
Platform modules already initialized, skipping
Refreshing native plugins compatible for Editor in 0.96 ms, found 1 plugins.
Preloading 0 native plugins for Editor in 0.00 ms.
Unloading 5109 Unused Serialized files (Serialized files now loaded: 0)
System memory in use before: 210.1 MB.
System memory in use after: 207.3 MB.

Unloading 43 unused Assets to reduce memory usage. Loaded Objects now: 5778.
Total: 4.989200 ms (FindLiveObjects: 0.445700 ms CreateObjectMapping: 0.140400 ms MarkObjects: 2.524900 ms  DeleteObjects: 1.877000 ms)

AssetImportWorkerClient::OnTransportError - code=2 error=End of file
